# JRE version: OpenJDK Runtime Environment Zulu17.50+19-CA (17.0.11+9) (build 17.0.11+9-LTS)
# Java VM: OpenJDK 64-Bit Server VM Zulu17.50+19-CA (17.0.11+9-LTS, mixed mode, sharing, tiered, compressed oops, compressed class ptrs, g1 gc, windows-amd64)
GC Precious Log:
 CPUs: 8 total, 8 available
 Memory: 48997M
 Large Page Support: Disabled
 NUMA Support: Disabled
 Compressed Oops: Enabled (Zero based)
 Heap Region Size: 4M
 Heap Min Capacity: 8M
 Heap Initial Capacity: 768M
 Heap Max Capacity: 4536M
 Pre-touch: Disabled
 Parallel Workers: 8
 Concurrent Workers: 2
 Concurrent Refinement Workers: 8
 Periodic GC: Disabled
Heap:
 garbage-first heap   total 1507328K, used 994713K [0x00000006e4800000, 0x0000000800000000)
  region size 4096K, 198 young (811008K), 5 survivors (20480K)
 Metaspace       used 140563K, committed 141824K, reserved 1179648K
  class space    used 18883K, committed 19520K, reserved 1048576K
GC Heap History (20 events):
Event: 17.128 GC heap before
{Heap before GC invocations=46 (full 0):
 garbage-first heap   total 753664K, used 334897K [0x00000006e4800000, 0x0000000800000000)
  region size 4096K, 3 young (12288K), 2 survivors (8192K)
 Metaspace       used 99489K, committed 100160K, reserved 1179648K
  class space    used 13716K, committed 14016K, reserved 1048576K
}
Event: 17.133 GC heap after
{Heap after GC invocations=47 (full 0):
 garbage-first heap   total 1507328K, used 317916K [0x00000006e4800000, 0x0000000800000000)
  region size 4096K, 2 young (8192K), 2 survivors (8192K)
 Metaspace       used 99489K, committed 100160K, reserved 1179648K
  class space    used 13716K, committed 14016K, reserved 1048576K
}
Event: 38.583 GC heap before
{Heap before GC invocations=47 (full 0):
 garbage-first heap   total 1507328K, used 1370588K [0x00000006e4800000, 0x0000000800000000)
  region size 4096K, 177 young (724992K), 2 survivors (8192K)
 Metaspace       used 111250K, committed 111936K, reserved 1179648K
  class space    used 14881K, committed 15232K, reserved 1048576K
}
Event: 38.592 GC heap after
{Heap after GC invocations=48 (full 0):
 garbage-first heap   total 1507328K, used 117065K [0x00000006e4800000, 0x0000000800000000)
  region size 4096K, 4 young (16384K), 4 survivors (16384K)
 Metaspace       used 111250K, committed 111936K, reserved 1179648K
  class space    used 14881K, committed 15232K, reserved 1048576K
}
Event: 61.683 GC heap before
{Heap before GC invocations=48 (full 0):
 garbage-first heap   total 1507328K, used 997705K [0x00000006e4800000, 0x0000000800000000)
  region size 4096K, 220 young (901120K), 4 survivors (16384K)
 Metaspace       used 128375K, committed 129216K, reserved 1179648K
  class space    used 17604K, committed 18048K, reserved 1048576K
}
Event: 61.697 GC heap after
{Heap after GC invocations=49 (full 0):
 garbage-first heap   total 1507328K, used 131981K [0x00000006e4800000, 0x0000000800000000)
  region size 4096K, 7 young (28672K), 7 survivors (28672K)
 Metaspace       used 128375K, committed 129216K, reserved 1179648K
  class space    used 17604K, committed 18048K, reserved 1048576K
}
Event: 63.802 GC heap before
{Heap before GC invocations=49 (full 0):
 garbage-first heap   total 1507328K, used 1000333K [0x00000006e4800000, 0x0000000800000000)
  region size 4096K, 220 young (901120K), 7 survivors (28672K)
 Metaspace       used 132378K, committed 133248K, reserved 1179648K
  class space    used 18143K, committed 18560K, reserved 1048576K
}
Event: 63.817 GC heap after
{Heap after GC invocations=50 (full 0):
 garbage-first heap   total 1507328K, used 146227K [0x00000006e4800000, 0x0000000800000000)
  region size 4096K, 11 young (45056K), 11 survivors (45056K)
 Metaspace       used 132378K, committed 133248K, reserved 1179648K
  class space    used 18143K, committed 18560K, reserved 1048576K
}
Event: 65.193 GC heap before
{Heap before GC invocations=50 (full 0):
 garbage-first heap   total 1507328K, used 1002291K [0x00000006e4800000, 0x0000000800000000)
  region size 4096K, 220 young (901120K), 11 survivors (45056K)
 Metaspace       used 132725K, committed 133632K, reserved 1179648K
  class space    used 18164K, committed 18624K, reserved 1048576K
}
Event: 65.223 GC heap after
{Heap after GC invocations=51 (full 0):
 garbage-first heap   total 1507328K, used 196126K [0x00000006e4800000, 0x0000000800000000)
  region size 4096K, 23 young (94208K), 23 survivors (94208K)
 Metaspace       used 132725K, committed 133632K, reserved 1179648K
  class space    used 18164K, committed 18624K, reserved 1048576K
}
Event: 66.443 GC heap before
{Heap before GC invocations=51 (full 0):
 garbage-first heap   total 1507328K, used 1003038K [0x00000006e4800000, 0x0000000800000000)
  region size 4096K, 220 young (901120K), 23 survivors (94208K)
 Metaspace       used 132836K, committed 133760K, reserved 1179648K
  class space    used 18168K, committed 18624K, reserved 1048576K
}
Event: 66.469 GC heap after
{Heap after GC invocations=52 (full 0):
 garbage-first heap   total 1507328K, used 195135K [0x00000006e4800000, 0x0000000800000000)
  region size 4096K, 4 young (16384K), 4 survivors (16384K)
 Metaspace       used 132836K, committed 133760K, reserved 1179648K
  class space    used 18168K, committed 18624K, reserved 1048576K
}
Event: 67.507 GC heap before
{Heap before GC invocations=52 (full 0):
 garbage-first heap   total 1507328K, used 1079871K [0x00000006e4800000, 0x0000000800000000)
  region size 4096K, 220 young (901120K), 4 survivors (16384K)
 Metaspace       used 133000K, committed 133888K, reserved 1179648K
  class space    used 18180K, committed 18624K, reserved 1048576K
}
Event: 67.513 GC heap after
{Heap after GC invocations=53 (full 0):
 garbage-first heap   total 1507328K, used 191324K [0x00000006e4800000, 0x0000000800000000)
  region size 4096K, 3 young (12288K), 3 survivors (12288K)
 Metaspace       used 133000K, committed 133888K, reserved 1179648K
  class space    used 18180K, committed 18624K, reserved 1048576K
}
Event: 69.040 GC heap before
{Heap before GC invocations=53 (full 0):
 garbage-first heap   total 1507328K, used 1084252K [0x00000006e4800000, 0x0000000800000000)
  region size 4096K, 220 young (901120K), 3 survivors (12288K)
 Metaspace       used 133078K, committed 133952K, reserved 1179648K
  class space    used 18180K, committed 18624K, reserved 1048576K
}
Event: 69.045 GC heap after
{Heap after GC invocations=54 (full 0):
 garbage-first heap   total 1507328K, used 189707K [0x00000006e4800000, 0x0000000800000000)
  region size 4096K, 3 young (12288K), 3 survivors (12288K)
 Metaspace       used 133078K, committed 133952K, reserved 1179648K
  class space    used 18180K, committed 18624K, reserved 1048576K
}
Event: 71.551 GC heap before
{Heap before GC invocations=54 (full 0):
 garbage-first heap   total 1507328K, used 1082635K [0x00000006e4800000, 0x0000000800000000)
  region size 4096K, 220 young (901120K), 3 survivors (12288K)
 Metaspace       used 133204K, committed 134080K, reserved 1179648K
  class space    used 18186K, committed 18624K, reserved 1048576K
}
Event: 71.561 GC heap after
{Heap after GC invocations=55 (full 0):
 garbage-first heap   total 1507328K, used 203213K [0x00000006e4800000, 0x0000000800000000)
  region size 4096K, 5 young (20480K), 5 survivors (20480K)
 Metaspace       used 133204K, committed 134080K, reserved 1179648K
  class space    used 18186K, committed 18624K, reserved 1048576K
}
Event: 299.437 GC heap before
{Heap before GC invocations=55 (full 0):
 garbage-first heap   total 1507328K, used 1243597K [0x00000006e4800000, 0x0000000800000000)
  region size 4096K, 220 young (901120K), 5 survivors (20480K)
 Metaspace       used 138649K, committed 139648K, reserved 1179648K
  class space    used 18753K, committed 19264K, reserved 1048576K
}
Event: 299.449 GC heap after
{Heap after GC invocations=56 (full 0):
 garbage-first heap   total 1507328K, used 200089K [0x00000006e4800000, 0x0000000800000000)
  region size 4096K, 5 young (20480K), 5 survivors (20480K)
 Metaspace       used 138649K, committed 139648K, reserved 1179648K
  class space    used 18753K, committed 19264K, reserved 1048576K
}

